<?xml version='1.0' encoding='UTF-8'?>
<testsuite hostname="DESKTOP-MNANVB9" name="todo.data.BijectionSuite" tests="7" errors="0" failures="0" skipped="0" time="0.822" timestamp="2021-11-29T16:50:02">
          <properties>
[...]
</properties>
          <testcase classname="todo.data.BijectionSuite" name="Task" time="0.737">
                      
                    </testcase><testcase classname="todo.data.BijectionSuite" name="Task-1" time="0.042">
                      
                    </testcase><testcase classname="todo.data.BijectionSuite" name="Tag" time="0.001">
                      
                    </testcase><testcase classname="todo.data.BijectionSuite" name="State:Active" time="0.001">
                      
                    </testcase><testcase classname="todo.data.BijectionSuite" name="State:Completed" time="0.002">
                      
                    </testcase><testcase classname="todo.data.BijectionSuite" name="Id" time="0.003">
                      
                    </testcase><testcase classname="todo.data.BijectionSuite" name="Tasks" time="0.036">
                      
                    </testcase>
          <system-out><![CDATA[]]></system-out>
          <system-err><![CDATA[]]></system-err>
        </testsuite>