<?xml version='1.0' encoding='UTF-8'?>
<testsuite hostname="DESKTOP-MNANVB9" name="todo.TodoSuite" tests="14" errors="0" failures="6" skipped="0" time="1.185" timestamp="2021-11-29T16:50:04">
          <properties>
[...]
</properties>
          <testcase classname="todo.TodoSuite" name="Created tasks can be read" time="0.011">
                      
                    </testcase><testcase classname="todo.TodoSuite" name="Updated tasks can be read" time="0.004">
                      
                    </testcase><testcase classname="todo.TodoSuite" name="Deleted tasks are no longer read" time="0.006">
                      
                    </testcase><testcase classname="todo.TodoSuite" name="Tasks returns all inserted tasks in insertion order" time="0.015">
                      
                    </testcase><testcase classname="todo.TodoSuite" name="Tasks(tag) returns only tasks with given tag" time="0.01">
                      
                    </testcase><testcase classname="todo.TodoSuite" name="complete changes state to completed, if task is not already completed" time="0.009">
                      
                    </testcase><testcase classname="todo.TodoSuite" name="tags returns all tags" time="0.029">
                      
                    </testcase><testcase classname="todo.TodoSuite" name="Created tasks can be read-1" time="0.197">
                      
                    </testcase><testcase classname="todo.TodoSuite" name="Updated tasks can be read-1" time="0.27">
                      <failure message="munit.ComparisonFailException: C:\Proyectos Scala\todo\src\test\scala\todo\TodoSuite.scala:74
73:      assertTask(name, returned, task2)
[7m74:      assertTask(name, read, task2)[0m
75:    }
Using PersistentModel: We expected the task Task(Completed(2021-11-29T16:50:02.711095600-03:00[America/Buenos_Aires]),An inactive task,None,List(Tag(c))) but we received Task(Active,An active task,Some(The notes),List(Tag(a), Tag(b))) instead.
[1m=&gt; Obtained[0m
Task(
  state = Active(),
  description = &quot;An active task&quot;,
  notes = Some(
    value = &quot;The notes&quot;
  ),
  tags = List(
    Tag(
      tag = &quot;a&quot;
    ),
    Tag(
      tag = &quot;b&quot;
    )
  )
)
[1m=&gt; Diff[0m ([91m- obtained[0m, [92m+ expected[0m)
 Task(
[91m-  state = Active(),[0m
[91m-  description = &quot;An active task&quot;,[0m
[91m-  notes = Some([0m
[91m-    value = &quot;The notes&quot;[0m
[92m+  state = Completed([0m
[92m+    data = 2021-11-29T16:50:02.711095600-03:00[America/Buenos_Aires][0m
   ),
[92m+  description = &quot;An inactive task&quot;,[0m
[92m+  notes = None,[0m
   tags = List(
     Tag(
[91m-      tag = &quot;a&quot;[0m
[91m-    ),[0m
[91m-    Tag([0m
[91m-      tag = &quot;b&quot;[0m
[92m+      tag = &quot;c&quot;[0m
     )" type="sbt.ForkMain$ForkError">sbt.ForkMain$ForkError: munit.ComparisonFailException: C:\Proyectos Scala\todo\src\test\scala\todo\TodoSuite.scala:74
73:      assertTask(name, returned, task2)
[7m74:      assertTask(name, read, task2)[0m
75:    }
Using PersistentModel: We expected the task Task(Completed(2021-11-29T16:50:02.711095600-03:00[America/Buenos_Aires]),An inactive task,None,List(Tag(c))) but we received Task(Active,An active task,Some(The notes),List(Tag(a), Tag(b))) instead.
[1m=&gt; Obtained[0m
Task(
  state = Active(),
  description = &quot;An active task&quot;,
  notes = Some(
    value = &quot;The notes&quot;
  ),
  tags = List(
    Tag(
      tag = &quot;a&quot;
    ),
    Tag(
      tag = &quot;b&quot;
    )
  )
)
[1m=&gt; Diff[0m ([91m- obtained[0m, [92m+ expected[0m)
 Task(
[91m-  state = Active(),[0m
[91m-  description = &quot;An active task&quot;,[0m
[91m-  notes = Some([0m
[91m-    value = &quot;The notes&quot;[0m
[92m+  state = Completed([0m
[92m+    data = 2021-11-29T16:50:02.711095600-03:00[America/Buenos_Aires][0m
   ),
[92m+  description = &quot;An inactive task&quot;,[0m
[92m+  notes = None,[0m
   tags = List(
     Tag(
[91m-      tag = &quot;a&quot;[0m
[91m-    ),[0m
[91m-    Tag([0m
[91m-      tag = &quot;b&quot;[0m
[92m+      tag = &quot;c&quot;[0m
     )
	at munit.FunSuite.assertEquals(FunSuite.scala:11)
	at todo.TodoSuite.assertTask(TodoSuite.scala:38)
	at todo.TodoSuite.allTests$$anonfun$2(TodoSuite.scala:18)
	at munit.FunFixtures.munit$FunFixtures$FunFixture$$_$test$$anonfun$2$$anonfun$2$$anonfun$2(FunFixtures.scala:34)
</failure>
                    </testcase><testcase classname="todo.TodoSuite" name="Deleted tasks are no longer read-1" time="0.057">
                      <failure message="munit.ComparisonFailException: C:\Proyectos Scala\todo\src\test\scala\todo\TodoSuite.scala:88
87:                   Some(task2),
[7m88:                   s&quot;Using $name: The task that was not deleted was not returned when read&quot;)[0m
89:    }
Using PersistentModel: The task that was not deleted was not returned when read
[1m=&gt; Obtained[0m
None
[1m=&gt; Diff[0m ([91m- obtained[0m, [92m+ expected[0m)
[91m-None[0m
[92m+Some([0m
[92m+  value = Task([0m
[92m+    state = Completed([0m
[92m+      data = 2021-11-29T16:50:02.711095600-03:00[America/Buenos_Aires][0m
[92m+    ),[0m
[92m+    description = &quot;An inactive task&quot;,[0m
[92m+    notes = None,[0m
[92m+    tags = List([0m
[92m+      Tag([0m
[92m+        tag = &quot;c&quot;[0m
[92m+      )[0m
[92m+    )[0m
[92m+  )[0m
[92m+)[0m" type="sbt.ForkMain$ForkError">sbt.ForkMain$ForkError: munit.ComparisonFailException: C:\Proyectos Scala\todo\src\test\scala\todo\TodoSuite.scala:88
87:                   Some(task2),
[7m88:                   s&quot;Using $name: The task that was not deleted was not returned when read&quot;)[0m
89:    }
Using PersistentModel: The task that was not deleted was not returned when read
[1m=&gt; Obtained[0m
None
[1m=&gt; Diff[0m ([91m- obtained[0m, [92m+ expected[0m)
[91m-None[0m
[92m+Some([0m
[92m+  value = Task([0m
[92m+    state = Completed([0m
[92m+      data = 2021-11-29T16:50:02.711095600-03:00[America/Buenos_Aires][0m
[92m+    ),[0m
[92m+    description = &quot;An inactive task&quot;,[0m
[92m+    notes = None,[0m
[92m+    tags = List([0m
[92m+      Tag([0m
[92m+        tag = &quot;c&quot;[0m
[92m+      )[0m
[92m+    )[0m
[92m+  )[0m
[92m+)[0m
	at munit.FunSuite.assertEquals(FunSuite.scala:11)
	at todo.TodoSuite.allTests$$anonfun$3(TodoSuite.scala:88)
	at munit.FunFixtures.munit$FunFixtures$FunFixture$$_$test$$anonfun$2$$anonfun$2$$anonfun$2(FunFixtures.scala:34)
</failure>
                    </testcase><testcase classname="todo.TodoSuite" name="Tasks returns all inserted tasks in insertion order-1" time="0.172">
                      <failure message="munit.ComparisonFailException: C:\Proyectos Scala\todo\src\test\scala\todo\TodoSuite.scala:104
103:                   List((id1 -&gt; task1), (id2 -&gt; task2)),
[7m104:                   s&quot;Using $name: The list of tasks is different to the tasks that were created, or it is not in order of creation&quot;)[0m
105:    }
Using PersistentModel: The list of tasks is different to the tasks that were created, or it is not in order of creation
[1m=&gt; Obtained[0m
List(
  Tuple2(
    _1 = Id(
      toInt = 1
    ),
    _2 = Task(
      state = Completed(
        data = 2021-11-29T16:50:02.711095600-03:00[America/Buenos_Aires]
      ),
      description = &quot;An inactive task&quot;,
      notes = None,
      tags = List(
        Tag(
          tag = &quot;c&quot;
        )
      )
    )
  )
)
[1m=&gt; Diff[0m ([91m- obtained[0m, [92m+ expected[0m)
     _2 = Task(
[92m+      state = Active(),[0m
[92m+      description = &quot;An active task&quot;,[0m
[92m+      notes = Some([0m
[92m+        value = &quot;The notes&quot;[0m
[92m+      ),[0m
[92m+      tags = List([0m
[92m+        Tag([0m
[92m+          tag = &quot;a&quot;[0m
[92m+        ),[0m
[92m+        Tag([0m
[92m+          tag = &quot;b&quot;[0m
[92m+        )[0m
[92m+      )[0m
[92m+    )[0m
[92m+  ),[0m
[92m+  Tuple2([0m
[92m+    _1 = Id([0m
[92m+      toInt = 1[0m
[92m+    ),[0m
[92m+    _2 = Task([0m
       state = Completed(" type="sbt.ForkMain$ForkError">sbt.ForkMain$ForkError: munit.ComparisonFailException: C:\Proyectos Scala\todo\src\test\scala\todo\TodoSuite.scala:104
103:                   List((id1 -&gt; task1), (id2 -&gt; task2)),
[7m104:                   s&quot;Using $name: The list of tasks is different to the tasks that were created, or it is not in order of creation&quot;)[0m
105:    }
Using PersistentModel: The list of tasks is different to the tasks that were created, or it is not in order of creation
[1m=&gt; Obtained[0m
List(
  Tuple2(
    _1 = Id(
      toInt = 1
    ),
    _2 = Task(
      state = Completed(
        data = 2021-11-29T16:50:02.711095600-03:00[America/Buenos_Aires]
      ),
      description = &quot;An inactive task&quot;,
      notes = None,
      tags = List(
        Tag(
          tag = &quot;c&quot;
        )
      )
    )
  )
)
[1m=&gt; Diff[0m ([91m- obtained[0m, [92m+ expected[0m)
     _2 = Task(
[92m+      state = Active(),[0m
[92m+      description = &quot;An active task&quot;,[0m
[92m+      notes = Some([0m
[92m+        value = &quot;The notes&quot;[0m
[92m+      ),[0m
[92m+      tags = List([0m
[92m+        Tag([0m
[92m+          tag = &quot;a&quot;[0m
[92m+        ),[0m
[92m+        Tag([0m
[92m+          tag = &quot;b&quot;[0m
[92m+        )[0m
[92m+      )[0m
[92m+    )[0m
[92m+  ),[0m
[92m+  Tuple2([0m
[92m+    _1 = Id([0m
[92m+      toInt = 1[0m
[92m+    ),[0m
[92m+    _2 = Task([0m
       state = Completed(
	at munit.FunSuite.assertEquals(FunSuite.scala:11)
	at todo.TodoSuite.allTests$$anonfun$4(TodoSuite.scala:104)
	at munit.FunFixtures.munit$FunFixtures$FunFixture$$_$test$$anonfun$2$$anonfun$2$$anonfun$2(FunFixtures.scala:34)
</failure>
                    </testcase><testcase classname="todo.TodoSuite" name="Tasks(tag) returns only tasks with given tag-1" time="0.102">
                      <failure message="munit.ComparisonFailException: C:\Proyectos Scala\todo\src\test\scala\todo\TodoSuite.scala:112
111:
[7m112:      assertEquals(model.tasks(Tag(&quot;a&quot;)).toList, List(id1 -&gt; task1, id3 -&gt; task3))[0m
113:      assertEquals(model.tasks(Tag(&quot;b&quot;)).toList, List(id1 -&gt; task1))
values are not the same
[1m=&gt; Obtained[0m
List(
  Tuple2(
    _1 = Id(
      toInt = 1
    ),
    _2 = Task(
      state = Active(),
      description = &quot;Another active task&quot;,
      notes = None,
      tags = List(
        Tag(
          tag = &quot;a&quot;
        ),
        Tag(
          tag = &quot;c&quot;
        )
      )
    )
  )
)
[1m=&gt; Diff[0m ([91m- obtained[0m, [92m+ expected[0m)
       state = Active(),
[92m+      description = &quot;An active task&quot;,[0m
[92m+      notes = Some([0m
[92m+        value = &quot;The notes&quot;[0m
[92m+      ),[0m
[92m+      tags = List([0m
[92m+        Tag([0m
[92m+          tag = &quot;a&quot;[0m
[92m+        ),[0m
[92m+        Tag([0m
[92m+          tag = &quot;b&quot;[0m
[92m+        )[0m
[92m+      )[0m
[92m+    )[0m
[92m+  ),[0m
[92m+  Tuple2([0m
[92m+    _1 = Id([0m
[92m+      toInt = 1[0m
[92m+    ),[0m
[92m+    _2 = Task([0m
[92m+      state = Active(),[0m
       description = &quot;Another active task&quot;," type="sbt.ForkMain$ForkError">sbt.ForkMain$ForkError: munit.ComparisonFailException: C:\Proyectos Scala\todo\src\test\scala\todo\TodoSuite.scala:112
111:
[7m112:      assertEquals(model.tasks(Tag(&quot;a&quot;)).toList, List(id1 -&gt; task1, id3 -&gt; task3))[0m
113:      assertEquals(model.tasks(Tag(&quot;b&quot;)).toList, List(id1 -&gt; task1))
values are not the same
[1m=&gt; Obtained[0m
List(
  Tuple2(
    _1 = Id(
      toInt = 1
    ),
    _2 = Task(
      state = Active(),
      description = &quot;Another active task&quot;,
      notes = None,
      tags = List(
        Tag(
          tag = &quot;a&quot;
        ),
        Tag(
          tag = &quot;c&quot;
        )
      )
    )
  )
)
[1m=&gt; Diff[0m ([91m- obtained[0m, [92m+ expected[0m)
       state = Active(),
[92m+      description = &quot;An active task&quot;,[0m
[92m+      notes = Some([0m
[92m+        value = &quot;The notes&quot;[0m
[92m+      ),[0m
[92m+      tags = List([0m
[92m+        Tag([0m
[92m+          tag = &quot;a&quot;[0m
[92m+        ),[0m
[92m+        Tag([0m
[92m+          tag = &quot;b&quot;[0m
[92m+        )[0m
[92m+      )[0m
[92m+    )[0m
[92m+  ),[0m
[92m+  Tuple2([0m
[92m+    _1 = Id([0m
[92m+      toInt = 1[0m
[92m+    ),[0m
[92m+    _2 = Task([0m
[92m+      state = Active(),[0m
       description = &quot;Another active task&quot;,
	at munit.FunSuite.assertEquals(FunSuite.scala:11)
	at todo.TodoSuite.allTests$$anonfun$5(TodoSuite.scala:112)
	at munit.FunFixtures.munit$FunFixtures$FunFixture$$_$test$$anonfun$2$$anonfun$2$$anonfun$2(FunFixtures.scala:34)
</failure>
                    </testcase><testcase classname="todo.TodoSuite" name="complete changes state to completed, if task is not already completed-1" time="0.068">
                      <failure message="munit.FailException: C:\Proyectos Scala\todo\src\test\scala\todo\TodoSuite.scala:121 Using PersistentModel: We expected the task's state to be active but it was Completed(2021-11-29T16:50:02.711095600-03:00[America/Buenos_Aires])
120:
[7m121:      assertTaskActive(name, model.read(id1))[0m
122:      assertTaskCompleted(name, model.read(id2))" type="sbt.ForkMain$ForkError">sbt.ForkMain$ForkError: munit.FailException: C:\Proyectos Scala\todo\src\test\scala\todo\TodoSuite.scala:121 Using PersistentModel: We expected the task's state to be active but it was Completed(2021-11-29T16:50:02.711095600-03:00[America/Buenos_Aires])
120:
[7m121:      assertTaskActive(name, model.read(id1))[0m
122:      assertTaskCompleted(name, model.read(id2))
	at munit.FunSuite.assert(FunSuite.scala:11)
	at todo.TodoSuite.assertTaskActive(TodoSuite.scala:45)
	at todo.TodoSuite.allTests$$anonfun$6(TodoSuite.scala:18)
	at munit.FunFixtures.munit$FunFixtures$FunFixture$$_$test$$anonfun$2$$anonfun$2$$anonfun$2(FunFixtures.scala:34)
</failure>
                    </testcase><testcase classname="todo.TodoSuite" name="tags returns all tags-1" time="0.235">
                      <failure message="munit.ComparisonFailException: C:\Proyectos Scala\todo\src\test\scala\todo\TodoSuite.scala:135
134:      val id2 = model.create(task2)
[7m135:      assertEquals(model.tags.toList, List(Tag(&quot;a&quot;), Tag(&quot;b&quot;), Tag(&quot;c&quot;)), s&quot;Using $name&quot;)[0m
136:
Using PersistentModel
[1m=&gt; Obtained[0m
List(
  Tag(
    tag = &quot;c&quot;
  )
)
[1m=&gt; Diff[0m ([91m- obtained[0m, [92m+ expected[0m)
   Tag(
[92m+    tag = &quot;a&quot;[0m
[92m+  ),[0m
[92m+  Tag([0m
[92m+    tag = &quot;b&quot;[0m
[92m+  ),[0m
[92m+  Tag([0m
     tag = &quot;c&quot;" type="sbt.ForkMain$ForkError">sbt.ForkMain$ForkError: munit.ComparisonFailException: C:\Proyectos Scala\todo\src\test\scala\todo\TodoSuite.scala:135
134:      val id2 = model.create(task2)
[7m135:      assertEquals(model.tags.toList, List(Tag(&quot;a&quot;), Tag(&quot;b&quot;), Tag(&quot;c&quot;)), s&quot;Using $name&quot;)[0m
136:
Using PersistentModel
[1m=&gt; Obtained[0m
List(
  Tag(
    tag = &quot;c&quot;
  )
)
[1m=&gt; Diff[0m ([91m- obtained[0m, [92m+ expected[0m)
   Tag(
[92m+    tag = &quot;a&quot;[0m
[92m+  ),[0m
[92m+  Tag([0m
[92m+    tag = &quot;b&quot;[0m
[92m+  ),[0m
[92m+  Tag([0m
     tag = &quot;c&quot;
	at munit.FunSuite.assertEquals(FunSuite.scala:11)
	at todo.TodoSuite.allTests$$anonfun$7(TodoSuite.scala:135)
	at munit.FunFixtures.munit$FunFixtures$FunFixture$$_$test$$anonfun$2$$anonfun$2$$anonfun$2(FunFixtures.scala:34)
</failure>
                    </testcase>
          <system-out><![CDATA[]]></system-out>
          <system-err><![CDATA[]]></system-err>
        </testsuite>